[23:25:58] [main/INFO]: Setting user: Player5
[23:26:03] [Client thread/INFO]: LWJGL Version: 2.9.1
[23:26:35] [Client thread/INFO]: Reloading ResourceManager: Default, FMLFileResourcePack:Forge Mod Loader, FMLFileResourcePack:Minecraft Forge, FMLFileResourcePack:Legend of Zelda Twilight Princess Mod
[23:26:42] [Client thread/INFO]: Created: 16x16 textures/blocks-atlas
[23:26:42] [Client thread/INFO]: Created: 16x16 textures/items-atlas
[23:26:42] [Client thread/INFO]: Reloading ResourceManager: Default, FMLFileResourcePack:Forge Mod Loader, FMLFileResourcePack:Minecraft Forge, FMLFileResourcePack:Legend of Zelda Twilight Princess Mod
[23:26:43] [Sound Library Loader/INFO]: Sound engine started
[23:26:44] [Client thread/INFO]: Created: 512x256 textures/blocks-atlas
[23:26:46] [Client thread/INFO]: Created: 512x256 textures/items-atlas
[23:26:46] [Sound Library Loader/INFO]: Sound engine started
[23:27:35] [Server thread/INFO]: Starting integrated minecraft server version 1.7.10
[23:27:35] [Server thread/INFO]: Generating keypair
[23:27:35] [Server thread/INFO]: Converting map!
[23:27:35] [Server thread/INFO]: Scanning folders...
[23:27:35] [Server thread/INFO]: Total conversion count is 0
[23:27:36] [Server thread/INFO]: Preparing start region for level 0
[23:27:38] [Server thread/INFO]: Preparing spawn area: 4%
[23:27:39] [Server thread/INFO]: Preparing spawn area: 10%
[23:27:40] [Server thread/INFO]: Preparing spawn area: 16%
[23:27:41] [Server thread/INFO]: Preparing spawn area: 22%
[23:27:42] [Server thread/INFO]: Preparing spawn area: 30%
[23:27:43] [Server thread/INFO]: Preparing spawn area: 37%
[23:27:44] [Server thread/INFO]: Preparing spawn area: 49%
[23:27:45] [Server thread/INFO]: Preparing spawn area: 61%
[23:27:46] [Server thread/INFO]: Preparing spawn area: 73%
[23:27:47] [Server thread/INFO]: Preparing spawn area: 87%
[23:27:48] [Server thread/INFO]: Changing view distance to 12, from 10
[23:28:24] [Server thread/INFO]: Stopping server
[23:28:24] [Server thread/INFO]: Saving players
[23:28:24] [Server thread/INFO]: Saving worlds
[23:28:24] [Server thread/INFO]: Saving chunks for level 'New World'/Overworld
[23:28:24] [Server thread/INFO]: Saving chunks for level 'New World'/Nether
[23:28:24] [Server thread/INFO]: Saving chunks for level 'New World'/The End
[23:28:24] [Server thread/INFO]: Saving chunks for level 'New World'/Hyrule
[23:28:25] [Server thread/INFO]: Starting integrated minecraft server version 1.7.10
[23:28:25] [Server thread/INFO]: Generating keypair
[23:28:26] [Server thread/INFO]: Preparing start region for level 0
[23:28:26] [Server thread/INFO]: Changing view distance to 12, from 10
[23:28:27] [Server thread/INFO]: Player5[local:E:1243390f] logged in with entity id 2315 at (247.5, 71.0, -125.5)
[23:28:27] [Server thread/INFO]: Player5 joined the game
[23:28:30] [Server thread/INFO]: Saving and pausing game...
[23:28:30] [Server thread/INFO]: Saving chunks for level 'New World'/Overworld
[23:28:30] [Server thread/INFO]: Saving chunks for level 'New World'/Nether
[23:28:30] [Server thread/INFO]: Saving chunks for level 'New World'/The End
[23:28:30] [Server thread/INFO]: Saving chunks for level 'New World'/Hyrule
[23:28:33] [Server thread/INFO]: Player5 has just earned the achievement [Taking Inventory]
[23:28:33] [Client thread/INFO]: [CHAT] Player5 has just earned the achievement [Taking Inventory]
[23:28:35] [Server thread/INFO]: Saving and pausing game...
[23:28:35] [Server thread/INFO]: Saving chunks for level 'New World'/Overworld
[23:28:35] [Server thread/INFO]: Saving chunks for level 'New World'/Nether
[23:28:35] [Server thread/INFO]: Saving chunks for level 'New World'/The End
[23:28:35] [Server thread/INFO]: Saving chunks for level 'New World'/Hyrule
[23:28:40] [Server thread/INFO]: Saving and pausing game...
[23:28:40] [Server thread/INFO]: Saving chunks for level 'New World'/Overworld
[23:28:40] [Server thread/INFO]: Saving chunks for level 'New World'/Nether
[23:28:40] [Server thread/INFO]: Saving chunks for level 'New World'/The End
[23:28:40] [Server thread/INFO]: Saving chunks for level 'New World'/Hyrule
[23:28:58] [Server thread/INFO]: Changing view distance to 8, from 12
[23:30:28] [Server thread/INFO]: [Player5: Set own game mode to Survival Mode]
[23:30:28] [Client thread/INFO]: [CHAT] Your game mode has been updated
[23:30:45] [Server thread/INFO]: Saving and pausing game...
[23:30:45] [Server thread/INFO]: Saving chunks for level 'New World'/Overworld
[23:30:45] [Server thread/INFO]: Saving chunks for level 'New World'/Nether
[23:30:45] [Server thread/INFO]: Saving chunks for level 'New World'/The End
[23:30:45] [Server thread/INFO]: Saving chunks for level 'New World'/Hyrule
[23:30:45] [Server thread/INFO]: Stopping server
[23:30:45] [Server thread/INFO]: Saving players
[23:30:45] [Server thread/INFO]: Saving worlds
[23:30:45] [Server thread/INFO]: Saving chunks for level 'New World'/Overworld
[23:30:45] [Server thread/INFO]: Saving chunks for level 'New World'/Nether
[23:30:45] [Server thread/INFO]: Saving chunks for level 'New World'/The End
[23:30:45] [Server thread/INFO]: Saving chunks for level 'New World'/Hyrule
[23:30:47] [Client thread/ERROR]: ########## GL ERROR ##########
[23:30:47] [Client thread/ERROR]: @ Post render
[23:30:47] [Client thread/ERROR]: 1280: Invalid enum
[23:30:47] [Client thread/ERROR]: ########## GL ERROR ##########
[23:30:47] [Client thread/ERROR]: @ Post render
[23:30:47] [Client thread/ERROR]: 1280: Invalid enum
[23:30:47] [Client thread/ERROR]: ########## GL ERROR ##########
[23:30:47] [Client thread/ERROR]: @ Post render
[23:30:47] [Client thread/ERROR]: 1280: Invalid enum
[23:30:47] [Client thread/ERROR]: ########## GL ERROR ##########
[23:30:47] [Client thread/ERROR]: @ Post render
[23:30:47] [Client thread/ERROR]: 1280: Invalid enum
[23:30:47] [Client thread/ERROR]: ########## GL ERROR ##########
[23:30:47] [Client thread/ERROR]: @ Post render
[23:30:47] [Client thread/ERROR]: 1280: Invalid enum
[23:30:47] [Client thread/ERROR]: ########## GL ERROR ##########
[23:30:47] [Client thread/ERROR]: @ Post render
[23:30:47] [Client thread/ERROR]: 1280: Invalid enum
[23:30:47] [Client thread/ERROR]: ########## GL ERROR ##########
[23:30:47] [Client thread/ERROR]: @ Post render
[23:30:47] [Client thread/ERROR]: 1280: Invalid enum
[23:30:47] [Client thread/ERROR]: ########## GL ERROR ##########
[23:30:47] [Client thread/ERROR]: @ Post render
[23:30:47] [Client thread/ERROR]: 1280: Invalid enum
[23:30:47] [Client thread/ERROR]: ########## GL ERROR ##########
[23:30:47] [Client thread/ERROR]: @ Post render
[23:30:47] [Client thread/ERROR]: 1280: Invalid enum
[23:30:48] [Client thread/ERROR]: ########## GL ERROR ##########
[23:30:48] [Client thread/ERROR]: @ Post render
[23:30:48] [Client thread/ERROR]: 1280: Invalid enum
[23:30:48] [Client thread/ERROR]: ########## GL ERROR ##########
[23:30:48] [Client thread/ERROR]: @ Post render
[23:30:48] [Client thread/ERROR]: 1280: Invalid enum
[23:30:48] [Client thread/ERROR]: ########## GL ERROR ##########
[23:30:48] [Client thread/ERROR]: @ Post render
[23:30:48] [Client thread/ERROR]: 1280: Invalid enum
[23:30:48] [Client thread/ERROR]: ########## GL ERROR ##########
[23:30:48] [Client thread/ERROR]: @ Post render
[23:30:48] [Client thread/ERROR]: 1280: Invalid enum
[23:30:48] [Client thread/ERROR]: ########## GL ERROR ##########
[23:30:48] [Client thread/ERROR]: @ Post render
[23:30:48] [Client thread/ERROR]: 1280: Invalid enum
[23:30:48] [Client thread/ERROR]: ########## GL ERROR ##########
[23:30:48] [Client thread/ERROR]: @ Post render
[23:30:48] [Client thread/ERROR]: 1280: Invalid enum
[23:30:48] [Client thread/ERROR]: ########## GL ERROR ##########
[23:30:48] [Client thread/ERROR]: @ Post render
[23:30:48] [Client thread/ERROR]: 1280: Invalid enum
[23:30:48] [Client thread/ERROR]: ########## GL ERROR ##########
[23:30:48] [Client thread/ERROR]: @ Post render
[23:30:48] [Client thread/ERROR]: 1280: Invalid enum
[23:30:48] [Client thread/ERROR]: ########## GL ERROR ##########
[23:30:48] [Client thread/ERROR]: @ Post render
[23:30:48] [Client thread/ERROR]: 1280: Invalid enum
[23:30:48] [Client thread/ERROR]: ########## GL ERROR ##########
[23:30:48] [Client thread/ERROR]: @ Post render
[23:30:48] [Client thread/ERROR]: 1280: Invalid enum
[23:30:48] [Client thread/ERROR]: ########## GL ERROR ##########
[23:30:48] [Client thread/ERROR]: @ Post render
[23:30:48] [Client thread/ERROR]: 1280: Invalid enum
[23:30:48] [Client thread/ERROR]: ########## GL ERROR ##########
[23:30:48] [Client thread/ERROR]: @ Post render
[23:30:48] [Client thread/ERROR]: 1280: Invalid enum
[23:30:48] [Client thread/ERROR]: ########## GL ERROR ##########
[23:30:48] [Client thread/ERROR]: @ Post render
[23:30:48] [Client thread/ERROR]: 1280: Invalid enum
[23:30:48] [Client thread/ERROR]: ########## GL ERROR ##########
[23:30:48] [Client thread/ERROR]: @ Post render
[23:30:48] [Client thread/ERROR]: 1280: Invalid enum
[23:30:48] [Client thread/ERROR]: ########## GL ERROR ##########
[23:30:48] [Client thread/ERROR]: @ Post render
[23:30:48] [Client thread/ERROR]: 1280: Invalid enum
[23:30:48] [Client thread/ERROR]: ########## GL ERROR ##########
[23:30:48] [Client thread/ERROR]: @ Post render
[23:30:48] [Client thread/ERROR]: 1280: Invalid enum
[23:30:48] [Client thread/ERROR]: ########## GL ERROR ##########
[23:30:48] [Client thread/ERROR]: @ Post render
[23:30:48] [Client thread/ERROR]: 1280: Invalid enum
[23:30:48] [Client thread/ERROR]: ########## GL ERROR ##########
[23:30:48] [Client thread/ERROR]: @ Post render
[23:30:48] [Client thread/ERROR]: 1280: Invalid enum
[23:30:48] [Client thread/ERROR]: ########## GL ERROR ##########
[23:30:48] [Client thread/ERROR]: @ Post render
[23:30:48] [Client thread/ERROR]: 1280: Invalid enum
[23:30:48] [Client thread/ERROR]: ########## GL ERROR ##########
[23:30:48] [Client thread/ERROR]: @ Post render
[23:30:48] [Client thread/ERROR]: 1280: Invalid enum
[23:30:48] [Client thread/ERROR]: ########## GL ERROR ##########
[23:30:48] [Client thread/ERROR]: @ Post render
[23:30:48] [Client thread/ERROR]: 1280: Invalid enum
[23:30:48] [Client thread/ERROR]: ########## GL ERROR ##########
[23:30:48] [Client thread/ERROR]: @ Post render
[23:30:48] [Client thread/ERROR]: 1280: Invalid enum
[23:30:48] [Client thread/ERROR]: ########## GL ERROR ##########
[23:30:48] [Client thread/ERROR]: @ Post render
[23:30:48] [Client thread/ERROR]: 1280: Invalid enum
[23:30:48] [Client thread/ERROR]: ########## GL ERROR ##########
[23:30:48] [Client thread/ERROR]: @ Post render
[23:30:48] [Client thread/ERROR]: 1280: Invalid enum
[23:30:48] [Client thread/ERROR]: ########## GL ERROR ##########
[23:30:48] [Client thread/ERROR]: @ Post render
[23:30:48] [Client thread/ERROR]: 1280: Invalid enum
[23:30:48] [Client thread/ERROR]: ########## GL ERROR ##########
[23:30:48] [Client thread/ERROR]: @ Post render
[23:30:48] [Client thread/ERROR]: 1280: Invalid enum
[23:30:48] [Client thread/ERROR]: ########## GL ERROR ##########
[23:30:48] [Client thread/ERROR]: @ Post render
[23:30:48] [Client thread/ERROR]: 1280: Invalid enum
[23:30:48] [Client thread/ERROR]: ########## GL ERROR ##########
[23:30:48] [Client thread/ERROR]: @ Post render
[23:30:48] [Client thread/ERROR]: 1280: Invalid enum
[23:30:48] [Client thread/ERROR]: ########## GL ERROR ##########
[23:30:48] [Client thread/ERROR]: @ Post render
[23:30:48] [Client thread/ERROR]: 1280: Invalid enum
[23:30:48] [Client thread/ERROR]: ########## GL ERROR ##########
[23:30:48] [Client thread/ERROR]: @ Post render
[23:30:48] [Client thread/ERROR]: 1280: Invalid enum
[23:30:49] [Client thread/ERROR]: ########## GL ERROR ##########
[23:30:49] [Client thread/ERROR]: @ Post render
[23:30:49] [Client thread/ERROR]: 1280: Invalid enum
[23:30:49] [Client thread/ERROR]: ########## GL ERROR ##########
[23:30:49] [Client thread/ERROR]: @ Post render
[23:30:49] [Client thread/ERROR]: 1280: Invalid enum
[23:30:49] [Client thread/ERROR]: ########## GL ERROR ##########
[23:30:49] [Client thread/ERROR]: @ Post render
[23:30:49] [Client thread/ERROR]: 1280: Invalid enum
[23:30:49] [Client thread/ERROR]: ########## GL ERROR ##########
[23:30:49] [Client thread/ERROR]: @ Post render
[23:30:49] [Client thread/ERROR]: 1280: Invalid enum
[23:30:49] [Client thread/ERROR]: ########## GL ERROR ##########
[23:30:49] [Client thread/ERROR]: @ Post render
[23:30:49] [Client thread/ERROR]: 1280: Invalid enum
[23:30:49] [Client thread/ERROR]: ########## GL ERROR ##########
[23:30:49] [Client thread/ERROR]: @ Post render
[23:30:49] [Client thread/ERROR]: 1280: Invalid enum
[23:30:49] [Client thread/ERROR]: ########## GL ERROR ##########
[23:30:49] [Client thread/ERROR]: @ Post render
[23:30:49] [Client thread/ERROR]: 1280: Invalid enum
[23:30:49] [Client thread/ERROR]: ########## GL ERROR ##########
[23:30:49] [Client thread/ERROR]: @ Post render
[23:30:49] [Client thread/ERROR]: 1280: Invalid enum
[23:30:49] [Client thread/ERROR]: ########## GL ERROR ##########
[23:30:49] [Client thread/ERROR]: @ Post render
[23:30:49] [Client thread/ERROR]: 1280: Invalid enum
[23:30:49] [Client thread/ERROR]: ########## GL ERROR ##########
[23:30:49] [Client thread/ERROR]: @ Post render
[23:30:49] [Client thread/ERROR]: 1280: Invalid enum
[23:30:49] [Client thread/ERROR]: ########## GL ERROR ##########
[23:30:49] [Client thread/ERROR]: @ Post render
[23:30:49] [Client thread/ERROR]: 1280: Invalid enum
[23:30:49] [Client thread/ERROR]: ########## GL ERROR ##########
[23:30:49] [Client thread/ERROR]: @ Post render
[23:30:49] [Client thread/ERROR]: 1280: Invalid enum
[23:30:49] [Client thread/ERROR]: ########## GL ERROR ##########
[23:30:49] [Client thread/ERROR]: @ Post render
[23:30:49] [Client thread/ERROR]: 1280: Invalid enum
[23:30:49] [Client thread/ERROR]: ########## GL ERROR ##########
[23:30:49] [Client thread/ERROR]: @ Post render
[23:30:49] [Client thread/ERROR]: 1280: Invalid enum
[23:30:49] [Client thread/ERROR]: ########## GL ERROR ##########
[23:30:49] [Client thread/ERROR]: @ Post render
[23:30:49] [Client thread/ERROR]: 1280: Invalid enum
[23:30:49] [Client thread/ERROR]: ########## GL ERROR ##########
[23:30:49] [Client thread/ERROR]: @ Post render
[23:30:49] [Client thread/ERROR]: 1280: Invalid enum
[23:30:49] [Client thread/ERROR]: ########## GL ERROR ##########
[23:30:49] [Client thread/ERROR]: @ Post render
[23:30:49] [Client thread/ERROR]: 1280: Invalid enum
[23:30:49] [Client thread/ERROR]: ########## GL ERROR ##########
[23:30:49] [Client thread/ERROR]: @ Post render
[23:30:49] [Client thread/ERROR]: 1280: Invalid enum
[23:30:49] [Client thread/ERROR]: ########## GL ERROR ##########
[23:30:49] [Client thread/ERROR]: @ Post render
[23:30:49] [Client thread/ERROR]: 1280: Invalid enum
[23:30:49] [Client thread/ERROR]: ########## GL ERROR ##########
[23:30:49] [Client thread/ERROR]: @ Post render
[23:30:49] [Client thread/ERROR]: 1280: Invalid enum
[23:30:49] [Client thread/ERROR]: ########## GL ERROR ##########
[23:30:49] [Client thread/ERROR]: @ Post render
[23:30:49] [Client thread/ERROR]: 1280: Invalid enum
[23:30:49] [Client thread/ERROR]: ########## GL ERROR ##########
[23:30:49] [Client thread/ERROR]: @ Post render
[23:30:49] [Client thread/ERROR]: 1280: Invalid enum
[23:30:49] [Client thread/ERROR]: ########## GL ERROR ##########
[23:30:49] [Client thread/ERROR]: @ Post render
[23:30:49] [Client thread/ERROR]: 1280: Invalid enum
[23:30:49] [Client thread/ERROR]: ########## GL ERROR ##########
[23:30:49] [Client thread/ERROR]: @ Post render
[23:30:49] [Client thread/ERROR]: 1280: Invalid enum
[23:30:49] [Client thread/ERROR]: ########## GL ERROR ##########
[23:30:49] [Client thread/ERROR]: @ Post render
[23:30:49] [Client thread/ERROR]: 1280: Invalid enum
[23:30:49] [Client thread/ERROR]: ########## GL ERROR ##########
[23:30:49] [Client thread/ERROR]: @ Post render
[23:30:49] [Client thread/ERROR]: 1280: Invalid enum
[23:30:49] [Client thread/ERROR]: ########## GL ERROR ##########
[23:30:49] [Client thread/ERROR]: @ Post render
[23:30:49] [Client thread/ERROR]: 1280: Invalid enum
[23:30:49] [Client thread/ERROR]: ########## GL ERROR ##########
[23:30:49] [Client thread/ERROR]: @ Post render
[23:30:49] [Client thread/ERROR]: 1280: Invalid enum
[23:30:50] [Client thread/ERROR]: ########## GL ERROR ##########
[23:30:50] [Client thread/ERROR]: @ Post render
[23:30:50] [Client thread/ERROR]: 1280: Invalid enum
[23:30:50] [Client thread/ERROR]: ########## GL ERROR ##########
[23:30:50] [Client thread/ERROR]: @ Post render
[23:30:50] [Client thread/ERROR]: 1280: Invalid enum
[23:30:50] [Client thread/ERROR]: ########## GL ERROR ##########
[23:30:50] [Client thread/ERROR]: @ Post render
[23:30:50] [Client thread/ERROR]: 1280: Invalid enum
[23:30:50] [Client thread/ERROR]: ########## GL ERROR ##########
[23:30:50] [Client thread/ERROR]: @ Post render
[23:30:50] [Client thread/ERROR]: 1280: Invalid enum
[23:30:50] [Client thread/ERROR]: ########## GL ERROR ##########
[23:30:50] [Client thread/ERROR]: @ Post render
[23:30:50] [Client thread/ERROR]: 1280: Invalid enum
[23:30:50] [Client thread/ERROR]: ########## GL ERROR ##########
[23:30:50] [Client thread/ERROR]: @ Post render
[23:30:50] [Client thread/ERROR]: 1280: Invalid enum
[23:30:50] [Client thread/ERROR]: ########## GL ERROR ##########
[23:30:50] [Client thread/ERROR]: @ Post render
[23:30:50] [Client thread/ERROR]: 1280: Invalid enum
[23:30:50] [Client thread/ERROR]: ########## GL ERROR ##########
[23:30:50] [Client thread/ERROR]: @ Post render
[23:30:50] [Client thread/ERROR]: 1280: Invalid enum
[23:30:50] [Client thread/ERROR]: ########## GL ERROR ##########
[23:30:50] [Client thread/ERROR]: @ Post render
[23:30:50] [Client thread/ERROR]: 1280: Invalid enum
[23:30:50] [Client thread/ERROR]: ########## GL ERROR ##########
[23:30:50] [Client thread/ERROR]: @ Post render
[23:30:50] [Client thread/ERROR]: 1280: Invalid enum
[23:30:50] [Client thread/ERROR]: ########## GL ERROR ##########
[23:30:50] [Client thread/ERROR]: @ Post render
[23:30:50] [Client thread/ERROR]: 1280: Invalid enum
[23:30:50] [Client thread/ERROR]: ########## GL ERROR ##########
[23:30:50] [Client thread/ERROR]: @ Post render
[23:30:50] [Client thread/ERROR]: 1280: Invalid enum
[23:30:50] [Client thread/ERROR]: ########## GL ERROR ##########
[23:30:50] [Client thread/ERROR]: @ Post render
[23:30:50] [Client thread/ERROR]: 1280: Invalid enum
[23:30:50] [Client thread/ERROR]: ########## GL ERROR ##########
[23:30:50] [Client thread/ERROR]: @ Post render
[23:30:50] [Client thread/ERROR]: 1280: Invalid enum
[23:30:50] [Client thread/ERROR]: ########## GL ERROR ##########
[23:30:50] [Client thread/ERROR]: @ Post render
[23:30:50] [Client thread/ERROR]: 1280: Invalid enum
[23:30:50] [Client thread/ERROR]: ########## GL ERROR ##########
[23:30:50] [Client thread/ERROR]: @ Post render
[23:30:50] [Client thread/ERROR]: 1280: Invalid enum
[23:30:50] [Client thread/ERROR]: ########## GL ERROR ##########
[23:30:50] [Client thread/ERROR]: @ Post render
[23:30:50] [Client thread/ERROR]: 1280: Invalid enum
[23:30:50] [Client thread/ERROR]: ########## GL ERROR ##########
[23:30:50] [Client thread/ERROR]: @ Post render
[23:30:50] [Client thread/ERROR]: 1280: Invalid enum
[23:30:50] [Client thread/ERROR]: ########## GL ERROR ##########
[23:30:50] [Client thread/ERROR]: @ Post render
[23:30:50] [Client thread/ERROR]: 1280: Invalid enum
[23:30:50] [Client thread/ERROR]: ########## GL ERROR ##########
[23:30:50] [Client thread/ERROR]: @ Post render
[23:30:50] [Client thread/ERROR]: 1280: Invalid enum
[23:30:50] [Client thread/ERROR]: ########## GL ERROR ##########
[23:30:50] [Client thread/ERROR]: @ Post render
[23:30:50] [Client thread/ERROR]: 1280: Invalid enum
[23:30:50] [Client thread/ERROR]: ########## GL ERROR ##########
[23:30:50] [Client thread/ERROR]: @ Post render
[23:30:50] [Client thread/ERROR]: 1280: Invalid enum
[23:30:50] [Client thread/ERROR]: ########## GL ERROR ##########
[23:30:50] [Client thread/ERROR]: @ Post render
[23:30:50] [Client thread/ERROR]: 1280: Invalid enum
[23:30:50] [Client thread/ERROR]: ########## GL ERROR ##########
[23:30:50] [Client thread/ERROR]: @ Post render
[23:30:50] [Client thread/ERROR]: 1280: Invalid enum
[23:30:50] [Client thread/ERROR]: ########## GL ERROR ##########
[23:30:50] [Client thread/ERROR]: @ Post render
[23:30:50] [Client thread/ERROR]: 1280: Invalid enum
[23:30:50] [Client thread/ERROR]: ########## GL ERROR ##########
[23:30:50] [Client thread/ERROR]: @ Post render
[23:30:50] [Client thread/ERROR]: 1280: Invalid enum
[23:30:50] [Client thread/ERROR]: ########## GL ERROR ##########
[23:30:50] [Client thread/ERROR]: @ Post render
[23:30:50] [Client thread/ERROR]: 1280: Invalid enum
[23:30:50] [Client thread/ERROR]: ########## GL ERROR ##########
[23:30:50] [Client thread/ERROR]: @ Post render
[23:30:50] [Client thread/ERROR]: 1280: Invalid enum
[23:30:50] [Client thread/ERROR]: ########## GL ERROR ##########
[23:30:50] [Client thread/ERROR]: @ Post render
[23:30:50] [Client thread/ERROR]: 1280: Invalid enum
[23:30:50] [Client thread/ERROR]: ########## GL ERROR ##########
[23:30:50] [Client thread/ERROR]: @ Post render
[23:30:50] [Client thread/ERROR]: 1280: Invalid enum
[23:30:50] [Client thread/ERROR]: ########## GL ERROR ##########
[23:30:50] [Client thread/ERROR]: @ Post render
[23:30:50] [Client thread/ERROR]: 1280: Invalid enum
[23:30:50] [Client thread/ERROR]: ########## GL ERROR ##########
[23:30:50] [Client thread/ERROR]: @ Post render
[23:30:50] [Client thread/ERROR]: 1280: Invalid enum
[23:30:51] [Client thread/ERROR]: ########## GL ERROR ##########
[23:30:51] [Client thread/ERROR]: @ Post render
[23:30:51] [Client thread/ERROR]: 1280: Invalid enum
[23:30:51] [Client thread/ERROR]: ########## GL ERROR ##########
[23:30:51] [Client thread/ERROR]: @ Post render
[23:30:51] [Client thread/ERROR]: 1280: Invalid enum
[23:30:51] [Client thread/ERROR]: ########## GL ERROR ##########
[23:30:51] [Client thread/ERROR]: @ Post render
[23:30:51] [Client thread/ERROR]: 1280: Invalid enum
[23:30:51] [Client thread/ERROR]: ########## GL ERROR ##########
[23:30:51] [Client thread/ERROR]: @ Post render
[23:30:51] [Client thread/ERROR]: 1280: Invalid enum
[23:30:51] [Client thread/ERROR]: ########## GL ERROR ##########
[23:30:51] [Client thread/ERROR]: @ Post render
[23:30:51] [Client thread/ERROR]: 1280: Invalid enum
[23:30:51] [Client thread/ERROR]: ########## GL ERROR ##########
[23:30:51] [Client thread/ERROR]: @ Post render
[23:30:51] [Client thread/ERROR]: 1280: Invalid enum
[23:30:51] [Client thread/ERROR]: ########## GL ERROR ##########
[23:30:51] [Client thread/ERROR]: @ Post render
[23:30:51] [Client thread/ERROR]: 1280: Invalid enum
[23:30:51] [Client thread/ERROR]: ########## GL ERROR ##########
[23:30:51] [Client thread/ERROR]: @ Post render
[23:30:51] [Client thread/ERROR]: 1280: Invalid enum
[23:30:51] [Client thread/ERROR]: ########## GL ERROR ##########
[23:30:51] [Client thread/ERROR]: @ Post render
[23:30:51] [Client thread/ERROR]: 1280: Invalid enum
[23:30:51] [Client thread/ERROR]: ########## GL ERROR ##########
[23:30:51] [Client thread/ERROR]: @ Post render
[23:30:51] [Client thread/ERROR]: 1280: Invalid enum
[23:30:51] [Client thread/ERROR]: ########## GL ERROR ##########
[23:30:51] [Client thread/ERROR]: @ Post render
[23:30:51] [Client thread/ERROR]: 1280: Invalid enum
[23:30:51] [Client thread/ERROR]: ########## GL ERROR ##########
[23:30:51] [Client thread/ERROR]: @ Post render
[23:30:51] [Client thread/ERROR]: 1280: Invalid enum
[23:30:51] [Client thread/ERROR]: ########## GL ERROR ##########
[23:30:51] [Client thread/ERROR]: @ Post render
[23:30:51] [Client thread/ERROR]: 1280: Invalid enum
[23:30:51] [Client thread/ERROR]: ########## GL ERROR ##########
[23:30:51] [Client thread/ERROR]: @ Post render
[23:30:51] [Client thread/ERROR]: 1280: Invalid enum
[23:30:51] [Client thread/ERROR]: ########## GL ERROR ##########
[23:30:51] [Client thread/ERROR]: @ Post render
[23:30:51] [Client thread/ERROR]: 1280: Invalid enum
[23:30:51] [Client thread/ERROR]: ########## GL ERROR ##########
[23:30:51] [Client thread/ERROR]: @ Post render
[23:30:51] [Client thread/ERROR]: 1280: Invalid enum
[23:30:51] [Client thread/ERROR]: ########## GL ERROR ##########
[23:30:51] [Client thread/ERROR]: @ Post render
[23:30:51] [Client thread/ERROR]: 1280: Invalid enum
[23:30:51] [Client thread/ERROR]: ########## GL ERROR ##########
[23:30:51] [Client thread/ERROR]: @ Post render
[23:30:51] [Client thread/ERROR]: 1280: Invalid enum
[23:30:51] [Client thread/ERROR]: ########## GL ERROR ##########
[23:30:51] [Client thread/ERROR]: @ Post render
[23:30:51] [Client thread/ERROR]: 1280: Invalid enum
[23:30:51] [Client thread/ERROR]: ########## GL ERROR ##########
[23:30:51] [Client thread/ERROR]: @ Post render
[23:30:51] [Client thread/ERROR]: 1280: Invalid enum
[23:30:51] [Client thread/ERROR]: ########## GL ERROR ##########
[23:30:51] [Client thread/ERROR]: @ Post render
[23:30:51] [Client thread/ERROR]: 1280: Invalid enum
[23:30:51] [Client thread/ERROR]: ########## GL ERROR ##########
[23:30:51] [Client thread/ERROR]: @ Post render
[23:30:51] [Client thread/ERROR]: 1280: Invalid enum
[23:30:51] [Client thread/ERROR]: ########## GL ERROR ##########
[23:30:51] [Client thread/ERROR]: @ Post render
[23:30:51] [Client thread/ERROR]: 1280: Invalid enum
[23:30:51] [Client thread/ERROR]: ########## GL ERROR ##########
[23:30:51] [Client thread/ERROR]: @ Post render
[23:30:51] [Client thread/ERROR]: 1280: Invalid enum
[23:30:51] [Client thread/ERROR]: ########## GL ERROR ##########
[23:30:51] [Client thread/ERROR]: @ Post render
[23:30:51] [Client thread/ERROR]: 1280: Invalid enum
[23:30:51] [Client thread/ERROR]: ########## GL ERROR ##########
[23:30:51] [Client thread/ERROR]: @ Post render
[23:30:51] [Client thread/ERROR]: 1280: Invalid enum
[23:30:51] [Client thread/ERROR]: ########## GL ERROR ##########
[23:30:51] [Client thread/ERROR]: @ Post render
[23:30:51] [Client thread/ERROR]: 1280: Invalid enum
[23:30:51] [Client thread/ERROR]: ########## GL ERROR ##########
[23:30:51] [Client thread/ERROR]: @ Post render
[23:30:51] [Client thread/ERROR]: 1280: Invalid enum
[23:30:51] [Client thread/ERROR]: ########## GL ERROR ##########
[23:30:51] [Client thread/ERROR]: @ Post render
[23:30:51] [Client thread/ERROR]: 1280: Invalid enum
[23:30:51] [Client thread/ERROR]: ########## GL ERROR ##########
[23:30:51] [Client thread/ERROR]: @ Post render
[23:30:51] [Client thread/ERROR]: 1280: Invalid enum
[23:30:52] [Client thread/ERROR]: ########## GL ERROR ##########
[23:30:52] [Client thread/ERROR]: @ Post render
[23:30:52] [Client thread/ERROR]: 1280: Invalid enum
[23:30:52] [Client thread/ERROR]: ########## GL ERROR ##########
[23:30:52] [Client thread/ERROR]: @ Post render
[23:30:52] [Client thread/ERROR]: 1280: Invalid enum
[23:30:52] [Client thread/ERROR]: ########## GL ERROR ##########
[23:30:52] [Client thread/ERROR]: @ Post render
[23:30:52] [Client thread/ERROR]: 1280: Invalid enum
[23:30:52] [Client thread/ERROR]: ########## GL ERROR ##########
[23:30:52] [Client thread/ERROR]: @ Post render
[23:30:52] [Client thread/ERROR]: 1280: Invalid enum
[23:30:52] [Client thread/ERROR]: ########## GL ERROR ##########
[23:30:52] [Client thread/ERROR]: @ Post render
[23:30:52] [Client thread/ERROR]: 1280: Invalid enum
[23:30:52] [Client thread/ERROR]: ########## GL ERROR ##########
[23:30:52] [Client thread/ERROR]: @ Post render
[23:30:52] [Client thread/ERROR]: 1280: Invalid enum
[23:30:52] [Client thread/ERROR]: ########## GL ERROR ##########
[23:30:52] [Client thread/ERROR]: @ Post render
[23:30:52] [Client thread/ERROR]: 1280: Invalid enum
[23:30:52] [Client thread/ERROR]: ########## GL ERROR ##########
[23:30:52] [Client thread/ERROR]: @ Post render
[23:30:52] [Client thread/ERROR]: 1280: Invalid enum
[23:30:52] [Client thread/ERROR]: ########## GL ERROR ##########
[23:30:52] [Client thread/ERROR]: @ Post render
[23:30:52] [Client thread/ERROR]: 1280: Invalid enum
[23:30:52] [Client thread/ERROR]: ########## GL ERROR ##########
[23:30:52] [Client thread/ERROR]: @ Post render
[23:30:52] [Client thread/ERROR]: 1280: Invalid enum
[23:30:52] [Client thread/ERROR]: ########## GL ERROR ##########
[23:30:52] [Client thread/ERROR]: @ Post render
[23:30:52] [Client thread/ERROR]: 1280: Invalid enum
[23:30:52] [Client thread/ERROR]: ########## GL ERROR ##########
[23:30:52] [Client thread/ERROR]: @ Post render
[23:30:52] [Client thread/ERROR]: 1280: Invalid enum
[23:30:52] [Client thread/ERROR]: ########## GL ERROR ##########
[23:30:52] [Client thread/ERROR]: @ Post render
[23:30:52] [Client thread/ERROR]: 1280: Invalid enum
[23:30:52] [Client thread/ERROR]: ########## GL ERROR ##########
[23:30:52] [Client thread/ERROR]: @ Post render
[23:30:52] [Client thread/ERROR]: 1280: Invalid enum
[23:30:52] [Client thread/ERROR]: ########## GL ERROR ##########
[23:30:52] [Client thread/ERROR]: @ Post render
[23:30:52] [Client thread/ERROR]: 1280: Invalid enum
[23:30:52] [Client thread/ERROR]: ########## GL ERROR ##########
[23:30:52] [Client thread/ERROR]: @ Post render
[23:30:52] [Client thread/ERROR]: 1280: Invalid enum
[23:30:52] [Client thread/ERROR]: ########## GL ERROR ##########
[23:30:52] [Client thread/ERROR]: @ Post render
[23:30:52] [Client thread/ERROR]: 1280: Invalid enum
[23:30:52] [Client thread/ERROR]: ########## GL ERROR ##########
[23:30:52] [Client thread/ERROR]: @ Post render
[23:30:52] [Client thread/ERROR]: 1280: Invalid enum
[23:30:52] [Client thread/ERROR]: ########## GL ERROR ##########
[23:30:52] [Client thread/ERROR]: @ Post render
[23:30:52] [Client thread/ERROR]: 1280: Invalid enum
[23:30:52] [Client thread/ERROR]: ########## GL ERROR ##########
[23:30:52] [Client thread/ERROR]: @ Post render
[23:30:52] [Client thread/ERROR]: 1280: Invalid enum
[23:30:52] [Client thread/ERROR]: ########## GL ERROR ##########
[23:30:52] [Client thread/ERROR]: @ Post render
[23:30:52] [Client thread/ERROR]: 1280: Invalid enum
[23:30:52] [Client thread/ERROR]: ########## GL ERROR ##########
[23:30:52] [Client thread/ERROR]: @ Post render
[23:30:52] [Client thread/ERROR]: 1280: Invalid enum
[23:30:52] [Client thread/ERROR]: ########## GL ERROR ##########
[23:30:52] [Client thread/ERROR]: @ Post render
[23:30:52] [Client thread/ERROR]: 1280: Invalid enum
[23:30:52] [Client thread/ERROR]: ########## GL ERROR ##########
[23:30:52] [Client thread/ERROR]: @ Post render
[23:30:52] [Client thread/ERROR]: 1280: Invalid enum
[23:30:52] [Client thread/ERROR]: ########## GL ERROR ##########
[23:30:52] [Client thread/ERROR]: @ Post render
[23:30:52] [Client thread/ERROR]: 1280: Invalid enum
[23:30:52] [Client thread/ERROR]: ########## GL ERROR ##########
[23:30:52] [Client thread/ERROR]: @ Post render
[23:30:52] [Client thread/ERROR]: 1280: Invalid enum
[23:30:52] [Client thread/ERROR]: ########## GL ERROR ##########
[23:30:52] [Client thread/ERROR]: @ Post render
[23:30:52] [Client thread/ERROR]: 1280: Invalid enum
[23:30:52] [Client thread/ERROR]: ########## GL ERROR ##########
[23:30:52] [Client thread/ERROR]: @ Post render
[23:30:52] [Client thread/ERROR]: 1280: Invalid enum
[23:30:52] [Client thread/ERROR]: ########## GL ERROR ##########
[23:30:52] [Client thread/ERROR]: @ Post render
[23:30:52] [Client thread/ERROR]: 1280: Invalid enum
[23:30:52] [Client thread/ERROR]: ########## GL ERROR ##########
[23:30:52] [Client thread/ERROR]: @ Post render
[23:30:52] [Client thread/ERROR]: 1280: Invalid enum
[23:30:53] [Client thread/ERROR]: ########## GL ERROR ##########
[23:30:53] [Client thread/ERROR]: @ Post render
[23:30:53] [Client thread/ERROR]: 1280: Invalid enum
[23:30:53] [Client thread/ERROR]: ########## GL ERROR ##########
[23:30:53] [Client thread/ERROR]: @ Post render
[23:30:53] [Client thread/ERROR]: 1280: Invalid enum
[23:30:53] [Client thread/ERROR]: ########## GL ERROR ##########
[23:30:53] [Client thread/ERROR]: @ Post render
[23:30:53] [Client thread/ERROR]: 1280: Invalid enum
[23:30:53] [Client thread/ERROR]: ########## GL ERROR ##########
[23:30:53] [Client thread/ERROR]: @ Post render
[23:30:53] [Client thread/ERROR]: 1280: Invalid enum
[23:30:53] [Client thread/ERROR]: ########## GL ERROR ##########
[23:30:53] [Client thread/ERROR]: @ Post render
[23:30:53] [Client thread/ERROR]: 1280: Invalid enum
[23:30:53] [Client thread/ERROR]: ########## GL ERROR ##########
[23:30:53] [Client thread/ERROR]: @ Post render
[23:30:53] [Client thread/ERROR]: 1280: Invalid enum
[23:30:53] [Client thread/ERROR]: ########## GL ERROR ##########
[23:30:53] [Client thread/ERROR]: @ Post render
[23:30:53] [Client thread/ERROR]: 1280: Invalid enum
[23:30:53] [Client thread/ERROR]: ########## GL ERROR ##########
[23:30:53] [Client thread/ERROR]: @ Post render
[23:30:53] [Client thread/ERROR]: 1280: Invalid enum
[23:30:53] [Client thread/ERROR]: ########## GL ERROR ##########
[23:30:53] [Client thread/ERROR]: @ Post render
[23:30:53] [Client thread/ERROR]: 1280: Invalid enum
[23:30:53] [Client thread/ERROR]: ########## GL ERROR ##########
[23:30:53] [Client thread/ERROR]: @ Post render
[23:30:53] [Client thread/ERROR]: 1280: Invalid enum
[23:30:53] [Client thread/ERROR]: ########## GL ERROR ##########
[23:30:53] [Client thread/ERROR]: @ Post render
[23:30:53] [Client thread/ERROR]: 1280: Invalid enum
[23:30:53] [Client thread/ERROR]: ########## GL ERROR ##########
[23:30:53] [Client thread/ERROR]: @ Post render
[23:30:53] [Client thread/ERROR]: 1280: Invalid enum
[23:30:53] [Client thread/ERROR]: ########## GL ERROR ##########
[23:30:53] [Client thread/ERROR]: @ Post render
[23:30:53] [Client thread/ERROR]: 1280: Invalid enum
[23:30:53] [Client thread/ERROR]: ########## GL ERROR ##########
[23:30:53] [Client thread/ERROR]: @ Post render
[23:30:53] [Client thread/ERROR]: 1280: Invalid enum
[23:30:53] [Client thread/ERROR]: ########## GL ERROR ##########
[23:30:53] [Client thread/ERROR]: @ Post render
[23:30:53] [Client thread/ERROR]: 1280: Invalid enum
[23:30:53] [Client thread/ERROR]: ########## GL ERROR ##########
[23:30:53] [Client thread/ERROR]: @ Post render
[23:30:53] [Client thread/ERROR]: 1280: Invalid enum
[23:30:53] [Client thread/ERROR]: ########## GL ERROR ##########
[23:30:53] [Client thread/ERROR]: @ Post render
[23:30:53] [Client thread/ERROR]: 1280: Invalid enum
[23:30:53] [Client thread/ERROR]: ########## GL ERROR ##########
[23:30:53] [Client thread/ERROR]: @ Post render
[23:30:53] [Client thread/ERROR]: 1280: Invalid enum
[23:30:53] [Client thread/ERROR]: ########## GL ERROR ##########
[23:30:53] [Client thread/ERROR]: @ Post render
[23:30:53] [Client thread/ERROR]: 1280: Invalid enum
[23:30:53] [Client thread/ERROR]: ########## GL ERROR ##########
[23:30:53] [Client thread/ERROR]: @ Post render
[23:30:53] [Client thread/ERROR]: 1280: Invalid enum
[23:30:53] [Client thread/ERROR]: ########## GL ERROR ##########
[23:30:53] [Client thread/ERROR]: @ Post render
[23:30:53] [Client thread/ERROR]: 1280: Invalid enum
[23:30:53] [Client thread/ERROR]: ########## GL ERROR ##########
[23:30:53] [Client thread/ERROR]: @ Post render
[23:30:53] [Client thread/ERROR]: 1280: Invalid enum
[23:30:53] [Client thread/ERROR]: ########## GL ERROR ##########
[23:30:53] [Client thread/ERROR]: @ Post render
[23:30:53] [Client thread/ERROR]: 1280: Invalid enum
[23:30:53] [Client thread/ERROR]: ########## GL ERROR ##########
[23:30:53] [Client thread/ERROR]: @ Post render
[23:30:53] [Client thread/ERROR]: 1280: Invalid enum
[23:30:53] [Client thread/ERROR]: ########## GL ERROR ##########
[23:30:53] [Client thread/ERROR]: @ Post render
[23:30:53] [Client thread/ERROR]: 1280: Invalid enum
[23:30:53] [Client thread/ERROR]: ########## GL ERROR ##########
[23:30:53] [Client thread/ERROR]: @ Post render
[23:30:53] [Client thread/ERROR]: 1280: Invalid enum
[23:30:53] [Client thread/ERROR]: ########## GL ERROR ##########
[23:30:53] [Client thread/ERROR]: @ Post render
[23:30:53] [Client thread/ERROR]: 1280: Invalid enum
[23:30:53] [Client thread/ERROR]: ########## GL ERROR ##########
[23:30:53] [Client thread/ERROR]: @ Post render
[23:30:53] [Client thread/ERROR]: 1280: Invalid enum
[23:30:53] [Client thread/ERROR]: ########## GL ERROR ##########
[23:30:53] [Client thread/ERROR]: @ Post render
[23:30:53] [Client thread/ERROR]: 1280: Invalid enum
[23:30:53] [Client thread/ERROR]: ########## GL ERROR ##########
[23:30:53] [Client thread/ERROR]: @ Post render
[23:30:53] [Client thread/ERROR]: 1280: Invalid enum
[23:30:54] [Client thread/ERROR]: ########## GL ERROR ##########
[23:30:54] [Client thread/ERROR]: @ Post render
[23:30:54] [Client thread/ERROR]: 1280: Invalid enum
[23:30:54] [Client thread/ERROR]: ########## GL ERROR ##########
[23:30:54] [Client thread/ERROR]: @ Post render
[23:30:54] [Client thread/ERROR]: 1280: Invalid enum
[23:30:54] [Client thread/ERROR]: ########## GL ERROR ##########
[23:30:54] [Client thread/ERROR]: @ Post render
[23:30:54] [Client thread/ERROR]: 1280: Invalid enum
[23:30:54] [Client thread/ERROR]: ########## GL ERROR ##########
[23:30:54] [Client thread/ERROR]: @ Post render
[23:30:54] [Client thread/ERROR]: 1280: Invalid enum
[23:30:54] [Client thread/ERROR]: ########## GL ERROR ##########
[23:30:54] [Client thread/ERROR]: @ Post render
[23:30:54] [Client thread/ERROR]: 1280: Invalid enum
[23:30:54] [Client thread/ERROR]: ########## GL ERROR ##########
[23:30:54] [Client thread/ERROR]: @ Post render
[23:30:54] [Client thread/ERROR]: 1280: Invalid enum
[23:30:54] [Client thread/ERROR]: ########## GL ERROR ##########
[23:30:54] [Client thread/ERROR]: @ Post render
[23:30:54] [Client thread/ERROR]: 1280: Invalid enum
[23:30:54] [Client thread/ERROR]: ########## GL ERROR ##########
[23:30:54] [Client thread/ERROR]: @ Post render
[23:30:54] [Client thread/ERROR]: 1280: Invalid enum
[23:30:54] [Client thread/ERROR]: ########## GL ERROR ##########
[23:30:54] [Client thread/ERROR]: @ Post render
[23:30:54] [Client thread/ERROR]: 1280: Invalid enum
[23:30:54] [Client thread/ERROR]: ########## GL ERROR ##########
[23:30:54] [Client thread/ERROR]: @ Post render
[23:30:54] [Client thread/ERROR]: 1280: Invalid enum
[23:30:54] [Client thread/ERROR]: ########## GL ERROR ##########
[23:30:54] [Client thread/ERROR]: @ Post render
[23:30:54] [Client thread/ERROR]: 1280: Invalid enum
[23:30:54] [Client thread/ERROR]: ########## GL ERROR ##########
[23:30:54] [Client thread/ERROR]: @ Post render
[23:30:54] [Client thread/ERROR]: 1280: Invalid enum
[23:30:54] [Client thread/ERROR]: ########## GL ERROR ##########
[23:30:54] [Client thread/ERROR]: @ Post render
[23:30:54] [Client thread/ERROR]: 1280: Invalid enum
[23:30:54] [Client thread/ERROR]: ########## GL ERROR ##########
[23:30:54] [Client thread/ERROR]: @ Post render
[23:30:54] [Client thread/ERROR]: 1280: Invalid enum
[23:30:54] [Client thread/ERROR]: ########## GL ERROR ##########
[23:30:54] [Client thread/ERROR]: @ Post render
[23:30:54] [Client thread/ERROR]: 1280: Invalid enum
[23:30:54] [Client thread/ERROR]: ########## GL ERROR ##########
[23:30:54] [Client thread/ERROR]: @ Post render
[23:30:54] [Client thread/ERROR]: 1280: Invalid enum
[23:30:54] [Client thread/ERROR]: ########## GL ERROR ##########
[23:30:54] [Client thread/ERROR]: @ Post render
[23:30:54] [Client thread/ERROR]: 1280: Invalid enum
[23:30:54] [Client thread/ERROR]: ########## GL ERROR ##########
[23:30:54] [Client thread/ERROR]: @ Post render
[23:30:54] [Client thread/ERROR]: 1280: Invalid enum
[23:30:54] [Client thread/ERROR]: ########## GL ERROR ##########
[23:30:54] [Client thread/ERROR]: @ Post render
[23:30:54] [Client thread/ERROR]: 1280: Invalid enum
[23:30:54] [Client thread/ERROR]: ########## GL ERROR ##########
[23:30:54] [Client thread/ERROR]: @ Post render
[23:30:54] [Client thread/ERROR]: 1280: Invalid enum
[23:30:54] [Client thread/ERROR]: ########## GL ERROR ##########
[23:30:54] [Client thread/ERROR]: @ Post render
[23:30:54] [Client thread/ERROR]: 1280: Invalid enum
[23:30:54] [Client thread/ERROR]: ########## GL ERROR ##########
[23:30:54] [Client thread/ERROR]: @ Post render
[23:30:54] [Client thread/ERROR]: 1280: Invalid enum
[23:30:54] [Client thread/ERROR]: ########## GL ERROR ##########
[23:30:54] [Client thread/ERROR]: @ Post render
[23:30:54] [Client thread/ERROR]: 1280: Invalid enum
[23:30:54] [Client thread/ERROR]: ########## GL ERROR ##########
[23:30:54] [Client thread/ERROR]: @ Post render
[23:30:54] [Client thread/ERROR]: 1280: Invalid enum
[23:30:54] [Client thread/ERROR]: ########## GL ERROR ##########
[23:30:54] [Client thread/ERROR]: @ Post render
[23:30:54] [Client thread/ERROR]: 1280: Invalid enum
[23:30:54] [Client thread/ERROR]: ########## GL ERROR ##########
[23:30:54] [Client thread/ERROR]: @ Post render
[23:30:54] [Client thread/ERROR]: 1280: Invalid enum
[23:30:54] [Client thread/ERROR]: ########## GL ERROR ##########
[23:30:54] [Client thread/ERROR]: @ Post render
[23:30:54] [Client thread/ERROR]: 1280: Invalid enum
[23:30:54] [Client thread/ERROR]: ########## GL ERROR ##########
[23:30:54] [Client thread/ERROR]: @ Post render
[23:30:54] [Client thread/ERROR]: 1280: Invalid enum
[23:30:54] [Client thread/ERROR]: ########## GL ERROR ##########
[23:30:54] [Client thread/ERROR]: @ Post render
[23:30:54] [Client thread/ERROR]: 1280: Invalid enum
[23:30:54] [Client thread/ERROR]: ########## GL ERROR ##########
[23:30:54] [Client thread/ERROR]: @ Post render
[23:30:54] [Client thread/ERROR]: 1280: Invalid enum
[23:30:55] [Client thread/ERROR]: ########## GL ERROR ##########
[23:30:55] [Client thread/ERROR]: @ Post render
[23:30:55] [Client thread/ERROR]: 1280: Invalid enum
[23:30:55] [Client thread/ERROR]: ########## GL ERROR ##########
[23:30:55] [Client thread/ERROR]: @ Post render
[23:30:55] [Client thread/ERROR]: 1280: Invalid enum
[23:30:55] [Client thread/ERROR]: ########## GL ERROR ##########
[23:30:55] [Client thread/ERROR]: @ Post render
[23:30:55] [Client thread/ERROR]: 1280: Invalid enum
[23:30:55] [Client thread/ERROR]: ########## GL ERROR ##########
[23:30:55] [Client thread/ERROR]: @ Post render
[23:30:55] [Client thread/ERROR]: 1280: Invalid enum
[23:30:55] [Client thread/ERROR]: ########## GL ERROR ##########
[23:30:55] [Client thread/ERROR]: @ Post render
[23:30:55] [Client thread/ERROR]: 1280: Invalid enum
[23:30:55] [Client thread/ERROR]: ########## GL ERROR ##########
[23:30:55] [Client thread/ERROR]: @ Post render
[23:30:55] [Client thread/ERROR]: 1280: Invalid enum
[23:30:55] [Client thread/ERROR]: ########## GL ERROR ##########
[23:30:55] [Client thread/ERROR]: @ Post render
[23:30:55] [Client thread/ERROR]: 1280: Invalid enum
[23:30:55] [Client thread/ERROR]: ########## GL ERROR ##########
[23:30:55] [Client thread/ERROR]: @ Post render
[23:30:55] [Client thread/ERROR]: 1280: Invalid enum
[23:30:55] [Client thread/ERROR]: ########## GL ERROR ##########
[23:30:55] [Client thread/ERROR]: @ Post render
[23:30:55] [Client thread/ERROR]: 1280: Invalid enum
[23:30:55] [Client thread/ERROR]: ########## GL ERROR ##########
[23:30:55] [Client thread/ERROR]: @ Post render
[23:30:55] [Client thread/ERROR]: 1280: Invalid enum
[23:30:55] [Client thread/ERROR]: ########## GL ERROR ##########
[23:30:55] [Client thread/ERROR]: @ Post render
[23:30:55] [Client thread/ERROR]: 1280: Invalid enum
[23:30:55] [Client thread/ERROR]: ########## GL ERROR ##########
[23:30:55] [Client thread/ERROR]: @ Post render
[23:30:55] [Client thread/ERROR]: 1280: Invalid enum
[23:30:55] [Client thread/ERROR]: ########## GL ERROR ##########
[23:30:55] [Client thread/ERROR]: @ Post render
[23:30:55] [Client thread/ERROR]: 1280: Invalid enum
[23:30:55] [Client thread/ERROR]: ########## GL ERROR ##########
[23:30:55] [Client thread/ERROR]: @ Post render
[23:30:55] [Client thread/ERROR]: 1280: Invalid enum
[23:30:55] [Client thread/ERROR]: ########## GL ERROR ##########
[23:30:55] [Client thread/ERROR]: @ Post render
[23:30:55] [Client thread/ERROR]: 1280: Invalid enum
[23:30:55] [Client thread/ERROR]: ########## GL ERROR ##########
[23:30:55] [Client thread/ERROR]: @ Post render
[23:30:55] [Client thread/ERROR]: 1280: Invalid enum
[23:30:55] [Client thread/ERROR]: ########## GL ERROR ##########
[23:30:55] [Client thread/ERROR]: @ Post render
[23:30:55] [Client thread/ERROR]: 1280: Invalid enum
[23:30:55] [Client thread/ERROR]: ########## GL ERROR ##########
[23:30:55] [Client thread/ERROR]: @ Post render
[23:30:55] [Client thread/ERROR]: 1280: Invalid enum
[23:30:55] [Client thread/ERROR]: ########## GL ERROR ##########
[23:30:55] [Client thread/ERROR]: @ Post render
[23:30:55] [Client thread/ERROR]: 1280: Invalid enum
[23:30:55] [Client thread/ERROR]: ########## GL ERROR ##########
[23:30:55] [Client thread/ERROR]: @ Post render
[23:30:55] [Client thread/ERROR]: 1280: Invalid enum
[23:30:55] [Client thread/ERROR]: ########## GL ERROR ##########
[23:30:55] [Client thread/ERROR]: @ Post render
[23:30:55] [Client thread/ERROR]: 1280: Invalid enum
[23:30:55] [Client thread/ERROR]: ########## GL ERROR ##########
[23:30:55] [Client thread/ERROR]: @ Post render
[23:30:55] [Client thread/ERROR]: 1280: Invalid enum
[23:30:55] [Client thread/ERROR]: ########## GL ERROR ##########
[23:30:55] [Client thread/ERROR]: @ Post render
[23:30:55] [Client thread/ERROR]: 1280: Invalid enum
[23:30:55] [Client thread/ERROR]: ########## GL ERROR ##########
[23:30:55] [Client thread/ERROR]: @ Post render
[23:30:55] [Client thread/ERROR]: 1280: Invalid enum
[23:30:55] [Client thread/ERROR]: ########## GL ERROR ##########
[23:30:55] [Client thread/ERROR]: @ Post render
[23:30:55] [Client thread/ERROR]: 1280: Invalid enum
[23:30:55] [Client thread/ERROR]: ########## GL ERROR ##########
[23:30:55] [Client thread/ERROR]: @ Post render
[23:30:55] [Client thread/ERROR]: 1280: Invalid enum
[23:30:55] [Client thread/ERROR]: ########## GL ERROR ##########
[23:30:55] [Client thread/ERROR]: @ Post render
[23:30:55] [Client thread/ERROR]: 1280: Invalid enum
[23:30:55] [Client thread/ERROR]: ########## GL ERROR ##########
[23:30:55] [Client thread/ERROR]: @ Post render
[23:30:55] [Client thread/ERROR]: 1280: Invalid enum
[23:30:55] [Client thread/ERROR]: ########## GL ERROR ##########
[23:30:55] [Client thread/ERROR]: @ Post render
[23:30:55] [Client thread/ERROR]: 1280: Invalid enum
[23:30:56] [Client thread/ERROR]: ########## GL ERROR ##########
[23:30:56] [Client thread/ERROR]: @ Post render
[23:30:56] [Client thread/ERROR]: 1280: Invalid enum
[23:30:56] [Client thread/ERROR]: ########## GL ERROR ##########
[23:30:56] [Client thread/ERROR]: @ Post render
[23:30:56] [Client thread/ERROR]: 1280: Invalid enum
[23:30:56] [Client thread/ERROR]: ########## GL ERROR ##########
[23:30:56] [Client thread/ERROR]: @ Post render
[23:30:56] [Client thread/ERROR]: 1280: Invalid enum
[23:30:56] [Client thread/ERROR]: ########## GL ERROR ##########
[23:30:56] [Client thread/ERROR]: @ Post render
[23:30:56] [Client thread/ERROR]: 1280: Invalid enum
[23:30:56] [Client thread/ERROR]: ########## GL ERROR ##########
[23:30:56] [Client thread/ERROR]: @ Post render
[23:30:56] [Client thread/ERROR]: 1280: Invalid enum
[23:30:56] [Client thread/ERROR]: ########## GL ERROR ##########
[23:30:56] [Client thread/ERROR]: @ Post render
[23:30:56] [Client thread/ERROR]: 1280: Invalid enum
[23:30:56] [Client thread/ERROR]: ########## GL ERROR ##########
[23:30:56] [Client thread/ERROR]: @ Post render
[23:30:56] [Client thread/ERROR]: 1280: Invalid enum
[23:30:56] [Client thread/ERROR]: ########## GL ERROR ##########
[23:30:56] [Client thread/ERROR]: @ Post render
[23:30:56] [Client thread/ERROR]: 1280: Invalid enum
[23:30:56] [Client thread/ERROR]: ########## GL ERROR ##########
[23:30:56] [Client thread/ERROR]: @ Post render
[23:30:56] [Client thread/ERROR]: 1280: Invalid enum
[23:30:56] [Client thread/ERROR]: ########## GL ERROR ##########
[23:30:56] [Client thread/ERROR]: @ Post render
[23:30:56] [Client thread/ERROR]: 1280: Invalid enum
[23:30:56] [Client thread/ERROR]: ########## GL ERROR ##########
[23:30:56] [Client thread/ERROR]: @ Post render
[23:30:56] [Client thread/ERROR]: 1280: Invalid enum
[23:30:56] [Client thread/ERROR]: ########## GL ERROR ##########
[23:30:56] [Client thread/ERROR]: @ Post render
[23:30:56] [Client thread/ERROR]: 1280: Invalid enum
[23:30:56] [Client thread/ERROR]: ########## GL ERROR ##########
[23:30:56] [Client thread/ERROR]: @ Post render
[23:30:56] [Client thread/ERROR]: 1280: Invalid enum
[23:30:56] [Client thread/ERROR]: ########## GL ERROR ##########
[23:30:56] [Client thread/ERROR]: @ Post render
[23:30:56] [Client thread/ERROR]: 1280: Invalid enum
[23:30:56] [Client thread/ERROR]: ########## GL ERROR ##########
[23:30:56] [Client thread/ERROR]: @ Post render
[23:30:56] [Client thread/ERROR]: 1280: Invalid enum
[23:30:56] [Client thread/ERROR]: ########## GL ERROR ##########
[23:30:56] [Client thread/ERROR]: @ Post render
[23:30:56] [Client thread/ERROR]: 1280: Invalid enum
[23:30:56] [Client thread/ERROR]: ########## GL ERROR ##########
[23:30:56] [Client thread/ERROR]: @ Post render
[23:30:56] [Client thread/ERROR]: 1280: Invalid enum
[23:30:56] [Client thread/ERROR]: ########## GL ERROR ##########
[23:30:56] [Client thread/ERROR]: @ Post render
[23:30:56] [Client thread/ERROR]: 1280: Invalid enum
[23:30:56] [Client thread/ERROR]: ########## GL ERROR ##########
[23:30:56] [Client thread/ERROR]: @ Post render
[23:30:56] [Client thread/ERROR]: 1280: Invalid enum
[23:30:56] [Client thread/ERROR]: ########## GL ERROR ##########
[23:30:56] [Client thread/ERROR]: @ Post render
[23:30:56] [Client thread/ERROR]: 1280: Invalid enum
[23:30:56] [Client thread/ERROR]: ########## GL ERROR ##########
[23:30:56] [Client thread/ERROR]: @ Post render
[23:30:56] [Client thread/ERROR]: 1280: Invalid enum
[23:30:56] [Client thread/ERROR]: ########## GL ERROR ##########
[23:30:56] [Client thread/ERROR]: @ Post render
[23:30:56] [Client thread/ERROR]: 1280: Invalid enum
[23:30:56] [Client thread/ERROR]: ########## GL ERROR ##########
[23:30:56] [Client thread/ERROR]: @ Post render
[23:30:56] [Client thread/ERROR]: 1280: Invalid enum
[23:30:56] [Client thread/ERROR]: ########## GL ERROR ##########
[23:30:56] [Client thread/ERROR]: @ Post render
[23:30:56] [Client thread/ERROR]: 1280: Invalid enum
[23:30:56] [Client thread/ERROR]: ########## GL ERROR ##########
[23:30:56] [Client thread/ERROR]: @ Post render
[23:30:56] [Client thread/ERROR]: 1280: Invalid enum
[23:30:56] [Client thread/ERROR]: ########## GL ERROR ##########
[23:30:56] [Client thread/ERROR]: @ Post render
[23:30:56] [Client thread/ERROR]: 1280: Invalid enum
[23:30:56] [Client thread/ERROR]: ########## GL ERROR ##########
[23:30:56] [Client thread/ERROR]: @ Post render
[23:30:56] [Client thread/ERROR]: 1280: Invalid enum
[23:30:56] [Client thread/ERROR]: ########## GL ERROR ##########
[23:30:56] [Client thread/ERROR]: @ Post render
[23:30:56] [Client thread/ERROR]: 1280: Invalid enum
[23:30:56] [Client thread/ERROR]: ########## GL ERROR ##########
[23:30:56] [Client thread/ERROR]: @ Post render
[23:30:56] [Client thread/ERROR]: 1280: Invalid enum
[23:30:56] [Client thread/ERROR]: ########## GL ERROR ##########
[23:30:56] [Client thread/ERROR]: @ Post render
[23:30:56] [Client thread/ERROR]: 1280: Invalid enum
[23:30:56] [Client thread/ERROR]: ########## GL ERROR ##########
[23:30:56] [Client thread/ERROR]: @ Post render
[23:30:56] [Client thread/ERROR]: 1280: Invalid enum
[23:30:57] [Client thread/ERROR]: ########## GL ERROR ##########
[23:30:57] [Client thread/ERROR]: @ Post render
[23:30:57] [Client thread/ERROR]: 1280: Invalid enum
[23:30:57] [Client thread/ERROR]: ########## GL ERROR ##########
[23:30:57] [Client thread/ERROR]: @ Post render
[23:30:57] [Client thread/ERROR]: 1280: Invalid enum
[23:30:57] [Client thread/ERROR]: ########## GL ERROR ##########
[23:30:57] [Client thread/ERROR]: @ Post render
[23:30:57] [Client thread/ERROR]: 1280: Invalid enum
[23:30:57] [Client thread/ERROR]: ########## GL ERROR ##########
[23:30:57] [Client thread/ERROR]: @ Post render
[23:30:57] [Client thread/ERROR]: 1280: Invalid enum
[23:30:57] [Client thread/ERROR]: ########## GL ERROR ##########
[23:30:57] [Client thread/ERROR]: @ Post render
[23:30:57] [Client thread/ERROR]: 1280: Invalid enum
[23:30:57] [Client thread/ERROR]: ########## GL ERROR ##########
[23:30:57] [Client thread/ERROR]: @ Post render
[23:30:57] [Client thread/ERROR]: 1280: Invalid enum
[23:30:57] [Client thread/ERROR]: ########## GL ERROR ##########
[23:30:57] [Client thread/ERROR]: @ Post render
[23:30:57] [Client thread/ERROR]: 1280: Invalid enum
[23:30:57] [Client thread/ERROR]: ########## GL ERROR ##########
[23:30:57] [Client thread/ERROR]: @ Post render
[23:30:57] [Client thread/ERROR]: 1280: Invalid enum
[23:30:57] [Client thread/ERROR]: ########## GL ERROR ##########
[23:30:57] [Client thread/ERROR]: @ Post render
[23:30:57] [Client thread/ERROR]: 1280: Invalid enum
[23:30:57] [Client thread/ERROR]: ########## GL ERROR ##########
[23:30:57] [Client thread/ERROR]: @ Post render
[23:30:57] [Client thread/ERROR]: 1280: Invalid enum
[23:30:57] [Client thread/ERROR]: ########## GL ERROR ##########
[23:30:57] [Client thread/ERROR]: @ Post render
[23:30:57] [Client thread/ERROR]: 1280: Invalid enum
[23:30:57] [Client thread/ERROR]: ########## GL ERROR ##########
[23:30:57] [Client thread/ERROR]: @ Post render
[23:30:57] [Client thread/ERROR]: 1280: Invalid enum
[23:30:57] [Client thread/ERROR]: ########## GL ERROR ##########
[23:30:57] [Client thread/ERROR]: @ Post render
[23:30:57] [Client thread/ERROR]: 1280: Invalid enum
[23:30:57] [Client thread/ERROR]: ########## GL ERROR ##########
[23:30:57] [Client thread/ERROR]: @ Post render
[23:30:57] [Client thread/ERROR]: 1280: Invalid enum
[23:30:57] [Client thread/ERROR]: ########## GL ERROR ##########
[23:30:57] [Client thread/ERROR]: @ Post render
[23:30:57] [Client thread/ERROR]: 1280: Invalid enum
[23:30:57] [Client thread/ERROR]: ########## GL ERROR ##########
[23:30:57] [Client thread/ERROR]: @ Post render
[23:30:57] [Client thread/ERROR]: 1280: Invalid enum
[23:30:57] [Client thread/ERROR]: ########## GL ERROR ##########
[23:30:57] [Client thread/ERROR]: @ Post render
[23:30:57] [Client thread/ERROR]: 1280: Invalid enum
[23:30:57] [Client thread/ERROR]: ########## GL ERROR ##########
[23:30:57] [Client thread/ERROR]: @ Post render
[23:30:57] [Client thread/ERROR]: 1280: Invalid enum
[23:30:57] [Client thread/ERROR]: ########## GL ERROR ##########
[23:30:57] [Client thread/ERROR]: @ Post render
[23:30:57] [Client thread/ERROR]: 1280: Invalid enum
[23:30:57] [Client thread/ERROR]: ########## GL ERROR ##########
[23:30:57] [Client thread/ERROR]: @ Post render
[23:30:57] [Client thread/ERROR]: 1280: Invalid enum
[23:30:57] [Client thread/ERROR]: ########## GL ERROR ##########
[23:30:57] [Client thread/ERROR]: @ Post render
[23:30:57] [Client thread/ERROR]: 1280: Invalid enum
[23:30:57] [Client thread/ERROR]: ########## GL ERROR ##########
[23:30:57] [Client thread/ERROR]: @ Post render
[23:30:57] [Client thread/ERROR]: 1280: Invalid enum
[23:30:57] [Client thread/ERROR]: ########## GL ERROR ##########
[23:30:57] [Client thread/ERROR]: @ Post render
[23:30:57] [Client thread/ERROR]: 1280: Invalid enum
[23:30:57] [Client thread/ERROR]: ########## GL ERROR ##########
[23:30:57] [Client thread/ERROR]: @ Post render
[23:30:57] [Client thread/ERROR]: 1280: Invalid enum
[23:30:57] [Client thread/ERROR]: ########## GL ERROR ##########
[23:30:57] [Client thread/ERROR]: @ Post render
[23:30:57] [Client thread/ERROR]: 1280: Invalid enum
[23:30:57] [Client thread/ERROR]: ########## GL ERROR ##########
[23:30:57] [Client thread/ERROR]: @ Post render
[23:30:57] [Client thread/ERROR]: 1280: Invalid enum
[23:30:57] [Client thread/ERROR]: ########## GL ERROR ##########
[23:30:57] [Client thread/ERROR]: @ Post render
[23:30:57] [Client thread/ERROR]: 1280: Invalid enum
[23:31:02] [Client thread/INFO]: Stopping!
