[03:21:57] [main/INFO] [LaunchWrapper]: Loading tweak class name net.minecraftforge.fml.common.launcher.FMLServerTweaker
[03:21:57] [main/INFO] [LaunchWrapper]: Using primary tweak class name net.minecraftforge.fml.common.launcher.FMLServerTweaker
[03:21:57] [main/INFO] [LaunchWrapper]: Loading tweak class name cpw.mods.fml.common.launcher.FMLTweaker
[03:21:57] [main/ERROR] [LaunchWrapper]: Unable to launch
java.lang.ClassNotFoundException: cpw.mods.fml.common.launcher.FMLTweaker
	at java.net.URLClassLoader.findClass(URLClassLoader.java:381) ~[?:1.8.0_101]
	at java.lang.ClassLoader.loadClass(ClassLoader.java:424) ~[?:1.8.0_101]
	at sun.misc.Launcher$AppClassLoader.loadClass(Launcher.java:331) ~[?:1.8.0_101]
	at java.lang.ClassLoader.loadClass(ClassLoader.java:357) ~[?:1.8.0_101]
	at net.minecraft.launchwrapper.LaunchClassLoader.findClass(LaunchClassLoader.java:106) ~[launchwrapper-1.12.jar:?]
	at java.lang.ClassLoader.loadClass(ClassLoader.java:424) ~[?:1.8.0_101]
	at java.lang.ClassLoader.loadClass(ClassLoader.java:357) ~[?:1.8.0_101]
	at java.lang.Class.forName0(Native Method) ~[?:1.8.0_101]
	at java.lang.Class.forName(Class.java:348) ~[?:1.8.0_101]
	at net.minecraft.launchwrapper.Launch.launch(Launch.java:98) [launchwrapper-1.12.jar:?]
	at net.minecraft.launchwrapper.Launch.main(Launch.java:28) [launchwrapper-1.12.jar:?]
	at sun.reflect.NativeMethodAccessorImpl.invoke0(Native Method) ~[?:1.8.0_101]
	at sun.reflect.NativeMethodAccessorImpl.invoke(NativeMethodAccessorImpl.java:62) ~[?:1.8.0_101]
	at sun.reflect.DelegatingMethodAccessorImpl.invoke(DelegatingMethodAccessorImpl.java:43) ~[?:1.8.0_101]
	at java.lang.reflect.Method.invoke(Method.java:498) ~[?:1.8.0_101]
	at net.minecraftforge.fml.relauncher.ServerLaunchWrapper.run(ServerLaunchWrapper.java:62) [forgeSrc-1.10.2-12.18.1.2011.jar:?]
	at net.minecraftforge.fml.relauncher.ServerLaunchWrapper.main(ServerLaunchWrapper.java:31) [forgeSrc-1.10.2-12.18.1.2011.jar:?]
[03:22:48] [main/INFO] [LaunchWrapper]: Loading tweak class name net.minecraftforge.fml.common.launcher.FMLServerTweaker
[03:22:48] [main/INFO] [LaunchWrapper]: Using primary tweak class name net.minecraftforge.fml.common.launcher.FMLServerTweaker
[03:22:48] [main/INFO] [LaunchWrapper]: Loading tweak class name net.minecraftforge.fml.common.launcher.FMLTweaker
[03:22:48] [main/ERROR] [LaunchWrapper]: Unable to launch
java.lang.RuntimeException: FML was unable to install the security manager. The game will not start
	at net.minecraftforge.fml.common.launcher.FMLTweaker.<init>(FMLTweaker.java:57) ~[forgeSrc-1.10.2-12.18.1.2011.jar:?]
	at sun.reflect.NativeConstructorAccessorImpl.newInstance0(Native Method) ~[?:1.8.0_101]
	at sun.reflect.NativeConstructorAccessorImpl.newInstance(NativeConstructorAccessorImpl.java:62) ~[?:1.8.0_101]
	at sun.reflect.DelegatingConstructorAccessorImpl.newInstance(DelegatingConstructorAccessorImpl.java:45) ~[?:1.8.0_101]
	at java.lang.reflect.Constructor.newInstance(Constructor.java:423) ~[?:1.8.0_101]
	at java.lang.Class.newInstance(Class.java:442) ~[?:1.8.0_101]
	at net.minecraft.launchwrapper.Launch.launch(Launch.java:98) [launchwrapper-1.12.jar:?]
	at net.minecraft.launchwrapper.Launch.main(Launch.java:28) [launchwrapper-1.12.jar:?]
	at sun.reflect.NativeMethodAccessorImpl.invoke0(Native Method) ~[?:1.8.0_101]
	at sun.reflect.NativeMethodAccessorImpl.invoke(NativeMethodAccessorImpl.java:62) ~[?:1.8.0_101]
	at sun.reflect.DelegatingMethodAccessorImpl.invoke(DelegatingMethodAccessorImpl.java:43) ~[?:1.8.0_101]
	at java.lang.reflect.Method.invoke(Method.java:498) ~[?:1.8.0_101]
	at net.minecraftforge.fml.relauncher.ServerLaunchWrapper.run(ServerLaunchWrapper.java:62) [forgeSrc-1.10.2-12.18.1.2011.jar:?]
	at net.minecraftforge.fml.relauncher.ServerLaunchWrapper.main(ServerLaunchWrapper.java:31) [forgeSrc-1.10.2-12.18.1.2011.jar:?]
Caused by: java.lang.SecurityException: Cannot replace the FML security manager
	at net.minecraftforge.fml.relauncher.FMLSecurityManager.checkPermission(FMLSecurityManager.java:54) ~[forgeSrc-1.10.2-12.18.1.2011.jar:?]
	at java.lang.System.setSecurityManager0(System.java:300) ~[?:1.8.0_101]
	at java.lang.System.setSecurityManager(System.java:291) ~[?:1.8.0_101]
	at net.minecraftforge.fml.common.launcher.FMLTweaker.<init>(FMLTweaker.java:53) ~[forgeSrc-1.10.2-12.18.1.2011.jar:?]
	... 13 more
[03:24:38] [main/INFO] [LaunchWrapper]: Loading tweak class name net.minecraftforge.fml.common.launcher.FMLServerTweaker
[03:24:38] [main/INFO] [LaunchWrapper]: Using primary tweak class name net.minecraftforge.fml.common.launcher.FMLServerTweaker
[03:24:38] [main/INFO] [LaunchWrapper]: Loading tweak class name net.minecraftforge.fml.common.launcher.FMLTweaker
[03:24:38] [main/ERROR] [LaunchWrapper]: Unable to launch
java.lang.RuntimeException: FML was unable to install the security manager. The game will not start
	at net.minecraftforge.fml.common.launcher.FMLTweaker.<init>(FMLTweaker.java:57) ~[forgeSrc-1.10.2-12.18.1.2011.jar:?]
	at sun.reflect.NativeConstructorAccessorImpl.newInstance0(Native Method) ~[?:1.8.0_101]
	at sun.reflect.NativeConstructorAccessorImpl.newInstance(NativeConstructorAccessorImpl.java:62) ~[?:1.8.0_101]
	at sun.reflect.DelegatingConstructorAccessorImpl.newInstance(DelegatingConstructorAccessorImpl.java:45) ~[?:1.8.0_101]
	at java.lang.reflect.Constructor.newInstance(Constructor.java:423) ~[?:1.8.0_101]
	at java.lang.Class.newInstance(Class.java:442) ~[?:1.8.0_101]
	at net.minecraft.launchwrapper.Launch.launch(Launch.java:98) [launchwrapper-1.12.jar:?]
	at net.minecraft.launchwrapper.Launch.main(Launch.java:28) [launchwrapper-1.12.jar:?]
	at sun.reflect.NativeMethodAccessorImpl.invoke0(Native Method) ~[?:1.8.0_101]
	at sun.reflect.NativeMethodAccessorImpl.invoke(NativeMethodAccessorImpl.java:62) ~[?:1.8.0_101]
	at sun.reflect.DelegatingMethodAccessorImpl.invoke(DelegatingMethodAccessorImpl.java:43) ~[?:1.8.0_101]
	at java.lang.reflect.Method.invoke(Method.java:498) ~[?:1.8.0_101]
	at net.minecraftforge.fml.relauncher.ServerLaunchWrapper.run(ServerLaunchWrapper.java:62) [forgeSrc-1.10.2-12.18.1.2011.jar:?]
	at net.minecraftforge.fml.relauncher.ServerLaunchWrapper.main(ServerLaunchWrapper.java:31) [forgeSrc-1.10.2-12.18.1.2011.jar:?]
Caused by: java.lang.SecurityException: Cannot replace the FML security manager
	at net.minecraftforge.fml.relauncher.FMLSecurityManager.checkPermission(FMLSecurityManager.java:54) ~[forgeSrc-1.10.2-12.18.1.2011.jar:?]
	at java.lang.System.setSecurityManager0(System.java:300) ~[?:1.8.0_101]
	at java.lang.System.setSecurityManager(System.java:291) ~[?:1.8.0_101]
	at net.minecraftforge.fml.common.launcher.FMLTweaker.<init>(FMLTweaker.java:53) ~[forgeSrc-1.10.2-12.18.1.2011.jar:?]
	... 13 more
[03:25:16] [main/INFO] [LaunchWrapper]: Loading tweak class name net.minecraftforge.fml.common.launcher.FMLServerTweaker
[03:25:16] [main/INFO] [LaunchWrapper]: Using primary tweak class name net.minecraftforge.fml.common.launcher.FMLServerTweaker
[03:25:16] [main/INFO] [LaunchWrapper]: Calling tweak class net.minecraftforge.fml.common.launcher.FMLServerTweaker
